Started GET "/" for ::1 at 2020-04-22 08:43:28 +0700
  
PG::ConnectionBad (could not connect to server: No such file or directory
	Is the server running locally and accepting
	connections on Unix domain socket "/tmp/.s.PGSQL.5432"?
):
  
pg (1.1.4) lib/pg.rb:56:in `initialize'
pg (1.1.4) lib/pg.rb:56:in `new'
pg (1.1.4) lib/pg.rb:56:in `connect'
activerecord (5.1.7) lib/active_record/connection_adapters/postgresql_adapter.rb:705:in `connect'
activerecord (5.1.7) lib/active_record/connection_adapters/postgresql_adapter.rb:229:in `initialize'
activerecord (5.1.7) lib/active_record/connection_adapters/postgresql_adapter.rb:46:in `new'
activerecord (5.1.7) lib/active_record/connection_adapters/postgresql_adapter.rb:46:in `postgresql_connection'
activerecord (5.1.7) lib/active_record/connection_adapters/abstract/connection_pool.rb:761:in `new_connection'
activerecord (5.1.7) lib/active_record/connection_adapters/abstract/connection_pool.rb:805:in `checkout_new_connection'
activerecord (5.1.7) lib/active_record/connection_adapters/abstract/connection_pool.rb:784:in `try_to_checkout_new_connection'
activerecord (5.1.7) lib/active_record/connection_adapters/abstract/connection_pool.rb:745:in `acquire_connection'
activerecord (5.1.7) lib/active_record/connection_adapters/abstract/connection_pool.rb:502:in `checkout'
activerecord (5.1.7) lib/active_record/connection_adapters/abstract/connection_pool.rb:376:in `connection'
activerecord (5.1.7) lib/active_record/connection_adapters/abstract/connection_pool.rb:933:in `retrieve_connection'
activerecord (5.1.7) lib/active_record/connection_handling.rb:116:in `retrieve_connection'
activerecord (5.1.7) lib/active_record/connection_handling.rb:88:in `connection'
activerecord (5.1.7) lib/active_record/migration.rb:562:in `connection'
activerecord (5.1.7) lib/active_record/migration.rb:553:in `call'
actionpack (5.1.7) lib/action_dispatch/middleware/callbacks.rb:26:in `block in call'
activesupport (5.1.7) lib/active_support/callbacks.rb:97:in `run_callbacks'
actionpack (5.1.7) lib/action_dispatch/middleware/callbacks.rb:24:in `call'
actionpack (5.1.7) lib/action_dispatch/middleware/executor.rb:12:in `call'
actionpack (5.1.7) lib/action_dispatch/middleware/debug_exceptions.rb:59:in `call'
web-console (3.7.0) lib/web_console/middleware.rb:135:in `call_app'
web-console (3.7.0) lib/web_console/middleware.rb:30:in `block in call'
web-console (3.7.0) lib/web_console/middleware.rb:20:in `catch'
web-console (3.7.0) lib/web_console/middleware.rb:20:in `call'
actionpack (5.1.7) lib/action_dispatch/middleware/show_exceptions.rb:31:in `call'
railties (5.1.7) lib/rails/rack/logger.rb:36:in `call_app'
railties (5.1.7) lib/rails/rack/logger.rb:24:in `block in call'
activesupport (5.1.7) lib/active_support/tagged_logging.rb:69:in `block in tagged'
activesupport (5.1.7) lib/active_support/tagged_logging.rb:26:in `tagged'
activesupport (5.1.7) lib/active_support/tagged_logging.rb:69:in `tagged'
railties (5.1.7) lib/rails/rack/logger.rb:24:in `call'
sprockets-rails (3.2.1) lib/sprockets/rails/quiet_assets.rb:13:in `call'
actionpack (5.1.7) lib/action_dispatch/middleware/remote_ip.rb:79:in `call'
actionpack (5.1.7) lib/action_dispatch/middleware/request_id.rb:25:in `call'
rack (2.0.7) lib/rack/method_override.rb:22:in `call'
rack (2.0.7) lib/rack/runtime.rb:22:in `call'
activesupport (5.1.7) lib/active_support/cache/strategy/local_cache_middleware.rb:27:in `call'
actionpack (5.1.7) lib/action_dispatch/middleware/executor.rb:12:in `call'
actionpack (5.1.7) lib/action_dispatch/middleware/static.rb:125:in `call'
rack (2.0.7) lib/rack/sendfile.rb:111:in `call'
webpacker (4.0.7) lib/webpacker/dev_server_proxy.rb:29:in `perform_request'
rack-proxy (0.6.5) lib/rack/proxy.rb:57:in `call'
railties (5.1.7) lib/rails/engine.rb:522:in `call'
puma (3.12.1) lib/puma/configuration.rb:227:in `call'
puma (3.12.1) lib/puma/server.rb:660:in `handle_request'
puma (3.12.1) lib/puma/server.rb:474:in `process_client'
puma (3.12.1) lib/puma/server.rb:334:in `block in run'
puma (3.12.1) lib/puma/thread_pool.rb:135:in `block in spawn_thread'
  [1m[35m (13.4ms)[0m  [1m[35mSET NAMES utf8,  @@SESSION.sql_mode = CONCAT(CONCAT(@@sql_mode, ',STRICT_ALL_TABLES'), ',NO_AUTO_VALUE_ON_ZERO'),  @@SESSION.sql_auto_is_null = 0, @@SESSION.wait_timeout = 2147483[0m
  [1m[35m (86.3ms)[0m  [1m[35mCREATE TABLE `schema_migrations` (`version` varchar(255) NOT NULL PRIMARY KEY) ENGINE=InnoDB[0m
  [1m[35m (37.7ms)[0m  [1m[35mCREATE TABLE `ar_internal_metadata` (`key` varchar(255) NOT NULL PRIMARY KEY, `value` varchar(255), `created_at` datetime NOT NULL, `updated_at` datetime NOT NULL) ENGINE=InnoDB[0m
  [1m[35m (4.0ms)[0m  [1m[34mSELECT GET_LOCK('913394105581723920', 0)[0m
  [1m[35m (6.8ms)[0m  [1m[34mSELECT `schema_migrations`.`version` FROM `schema_migrations` ORDER BY `schema_migrations`.`version` ASC[0m
Migrating to CreateUsers (20191001060906)
  [1m[35m (31.9ms)[0m  [1m[35mCREATE TABLE `users` (`id` bigint NOT NULL AUTO_INCREMENT PRIMARY KEY, `username` varchar(255), `password_digest` varchar(255), `created_at` datetime NOT NULL, `updated_at` datetime NOT NULL) ENGINE=InnoDB[0m
  [1m[35m (1.5ms)[0m  [1m[35mBEGIN[0m
  [1m[35mSQL (4.0ms)[0m  [1m[32mINSERT INTO `schema_migrations` (`version`) VALUES ('20191001060906')[0m
  [1m[35m (15.9ms)[0m  [1m[35mCOMMIT[0m
Migrating to CreateVideos (20191001062157)
  [1m[35m (29.2ms)[0m  [1m[35mCREATE TABLE `videos` (`id` bigint NOT NULL AUTO_INCREMENT PRIMARY KEY, `youtube_url` varchar(255) DEFAULT '', `created_by` int, `created_at` datetime NOT NULL, `updated_at` datetime NOT NULL) ENGINE=InnoDB[0m
  [1m[35m (1.0ms)[0m  [1m[35mBEGIN[0m
  [1m[35mSQL (9.7ms)[0m  [1m[32mINSERT INTO `schema_migrations` (`version`) VALUES ('20191001062157')[0m
  [1m[35m (3.5ms)[0m  [1m[35mCOMMIT[0m
Migrating to CreateTokens (20191001063329)
  [1m[35m (25.8ms)[0m  [1m[35mCREATE TABLE `tokens` (`id` bigint NOT NULL AUTO_INCREMENT PRIMARY KEY, `token` varchar(255), `user_id` int, `created_at` datetime NOT NULL, `updated_at` datetime NOT NULL) ENGINE=InnoDB[0m
  [1m[35m (1.8ms)[0m  [1m[35mBEGIN[0m
  [1m[35mSQL (1.5ms)[0m  [1m[32mINSERT INTO `schema_migrations` (`version`) VALUES ('20191001063329')[0m
  [1m[35m (3.2ms)[0m  [1m[35mCOMMIT[0m
Migrating to AddMoreColumnToVideos (20191002140403)
  [1m[35m (43.1ms)[0m  [1m[35mALTER TABLE `videos` ADD `like` int[0m
  [1m[35m (40.7ms)[0m  [1m[35mALTER TABLE `videos` ADD `dislike` int[0m
  [1m[35m (26.5ms)[0m  [1m[35mALTER TABLE `videos` ADD `title` varchar(255)[0m
  [1m[35m (24.7ms)[0m  [1m[35mALTER TABLE `videos` ADD `desc` varchar(255)[0m
  [1m[35m (1.4ms)[0m  [1m[35mBEGIN[0m
  [1m[35mSQL (1.7ms)[0m  [1m[32mINSERT INTO `schema_migrations` (`version`) VALUES ('20191002140403')[0m
  [1m[35m (3.1ms)[0m  [1m[35mCOMMIT[0m
Migrating to CreateVotes (20191002144051)
  [1m[35m (27.2ms)[0m  [1m[35mCREATE TABLE `votes` (`id` bigint NOT NULL AUTO_INCREMENT PRIMARY KEY, `user_id` int, `video_id` int, `like` tinyint(1) DEFAULT 1, `created_at` datetime NOT NULL, `updated_at` datetime NOT NULL,  INDEX `index_votes_on_user_id`  (`user_id`),  INDEX `index_votes_on_video_id`  (`video_id`)) ENGINE=InnoDB[0m
  [1m[35m (4.3ms)[0m  [1m[35mBEGIN[0m
  [1m[35mSQL (4.1ms)[0m  [1m[32mINSERT INTO `schema_migrations` (`version`) VALUES ('20191002144051')[0m
  [1m[35m (5.3ms)[0m  [1m[35mCOMMIT[0m
  [1m[36mActiveRecord::InternalMetadata Load (9.6ms)[0m  [1m[34mSELECT  `ar_internal_metadata`.* FROM `ar_internal_metadata` WHERE `ar_internal_metadata`.`key` = 'environment' LIMIT 1[0m
  [1m[35m (1.1ms)[0m  [1m[35mBEGIN[0m
  [1m[35mSQL (2.9ms)[0m  [1m[32mINSERT INTO `ar_internal_metadata` (`key`, `value`, `created_at`, `updated_at`) VALUES ('environment', 'development', '2020-04-22 02:03:47', '2020-04-22 02:03:47')[0m
  [1m[35m (3.2ms)[0m  [1m[35mCOMMIT[0m
  [1m[35m (4.1ms)[0m  [1m[34mSELECT RELEASE_LOCK('913394105581723920')[0m
  [1m[35m (1.6ms)[0m  [1m[34mSELECT `schema_migrations`.`version` FROM `schema_migrations` ORDER BY `schema_migrations`.`version` ASC[0m
Started GET "/" for ::1 at 2020-04-22 09:11:10 +0700
  [1m[35m (2.1ms)[0m  [1m[35mSET NAMES utf8,  @@SESSION.sql_mode = CONCAT(CONCAT(@@sql_mode, ',STRICT_ALL_TABLES'), ',NO_AUTO_VALUE_ON_ZERO'),  @@SESSION.sql_auto_is_null = 0, @@SESSION.wait_timeout = 2147483[0m
  [1m[35m (1.6ms)[0m  [1m[34mSELECT `schema_migrations`.`version` FROM `schema_migrations` ORDER BY `schema_migrations`.`version` ASC[0m
Processing by VideosController#index as HTML
  Rendering videos/index.html.erb within layouts/application
  [1m[36mVideo Load (47.0ms)[0m  [1m[34mSELECT `videos`.* FROM `videos` ORDER BY `videos`.`created_at` ASC[0m
  Rendered videos/index.html.erb within layouts/application (67.8ms)
[Webpacker] Compiling…
[Webpacker] Compilation failed:
error Command "webpack" not found.

Completed 500 Internal Server Error in 2339ms (ActiveRecord: 63.1ms)


  
ActionView::Template::Error (Webpacker can't find application in /Users/SuperLap/Downloads/funny-video-master/public/packs/manifest.json. Possible causes:
1. You want to set webpacker.yml value of compile to true for your environment
   unless you are using the `webpack -w` or the webpack-dev-server.
2. webpack has not yet re-run to reflect updates.
3. You have misconfigured Webpacker's config/webpacker.yml file.
4. Your webpack configuration is not creating a manifest.
Your manifest contains:
{
}
):
    3: <head>
    4:   <title>FunnyMovie</title>
    5:   <%= csrf_meta_tags %>
    6:   <%= javascript_pack_tag 'application', 'data-turbolinks-track': 'reload' %>
    7: 
    8: </head>
    9: 
  
app/views/layouts/application.html.erb:6:in `_app_views_layouts_application_html_erb__4179336356555018991_70256262808500'
Started GET "/" for ::1 at 2020-04-22 09:12:38 +0700
Processing by VideosController#index as HTML
  Rendering videos/index.html.erb within layouts/application
  [1m[35m (2.0ms)[0m  [1m[35mSET NAMES utf8,  @@SESSION.sql_mode = CONCAT(CONCAT(@@sql_mode, ',STRICT_ALL_TABLES'), ',NO_AUTO_VALUE_ON_ZERO'),  @@SESSION.sql_auto_is_null = 0, @@SESSION.wait_timeout = 2147483[0m
  [1m[36mVideo Load (2.3ms)[0m  [1m[34mSELECT `videos`.* FROM `videos` ORDER BY `videos`.`created_at` ASC[0m
  Rendered videos/index.html.erb within layouts/application (79.9ms)
  Rendered videos/_form.html.erb (0.5ms)
Completed 200 OK in 104ms (Views: 89.4ms | ActiveRecord: 4.4ms)


Started GET "/auth/new" for ::1 at 2020-04-22 09:12:40 +0700
Processing by AuthenticationController#new_session as HTML
  Rendering authentication/new_session.html.erb within layouts/application
  Rendered authentication/new_session.html.erb within layouts/application (1.2ms)
  Rendered videos/_form.html.erb (0.4ms)
Completed 200 OK in 24ms (Views: 16.1ms | ActiveRecord: 0.0ms)


Started GET "/auth/new" for ::1 at 2020-04-22 09:12:51 +0700
Processing by AuthenticationController#new_session as HTML
  Rendering authentication/new_session.html.erb within layouts/application
  Rendered authentication/new_session.html.erb within layouts/application (0.6ms)
[Webpacker] Compiling…
[Webpacker] Compilation failed:
error Command "webpack" not found.

Completed 500 Internal Server Error in 2440ms (ActiveRecord: 0.0ms)


  
ActionView::Template::Error (Webpacker can't find application in /Users/SuperLap/Downloads/funny-video-master/public/packs/manifest.json. Possible causes:
1. You want to set webpacker.yml value of compile to true for your environment
   unless you are using the `webpack -w` or the webpack-dev-server.
2. webpack has not yet re-run to reflect updates.
3. You have misconfigured Webpacker's config/webpacker.yml file.
4. Your webpack configuration is not creating a manifest.
Your manifest contains:
{
}
):
    3: <head>
    4:   <title>FunnyMovie</title>
    5:   <%= csrf_meta_tags %>
    6:   <%= javascript_pack_tag 'application', 'data-turbolinks-track': 'reload' %>
    7: 
    8: </head>
    9: 
  
app/views/layouts/application.html.erb:6:in `_app_views_layouts_application_html_erb__4179336356555018991_70256260323480'
Started GET "/" for ::1 at 2020-04-22 09:24:26 +0700
  [1m[35m (6.0ms)[0m  [1m[35mSET NAMES utf8,  @@SESSION.sql_mode = CONCAT(CONCAT(@@sql_mode, ',STRICT_ALL_TABLES'), ',NO_AUTO_VALUE_ON_ZERO'),  @@SESSION.sql_auto_is_null = 0, @@SESSION.wait_timeout = 2147483[0m
  [1m[35m (2.1ms)[0m  [1m[34mSELECT `schema_migrations`.`version` FROM `schema_migrations` ORDER BY `schema_migrations`.`version` ASC[0m
Processing by VideosController#index as HTML
  Rendering videos/index.html.erb within layouts/application
  [1m[36mVideo Load (3.1ms)[0m  [1m[34mSELECT `videos`.* FROM `videos` ORDER BY `videos`.`created_at` ASC[0m
  Rendered videos/index.html.erb within layouts/application (11.6ms)
[Webpacker] Compiling…
[Webpacker] Compiled all packs in /Users/SuperLap/Downloads/funny-video-master/public/packs
[Webpacker] Browserslist: caniuse-lite is outdated. Please run next command `yarn upgrade`

  Rendered videos/_form.html.erb (0.7ms)
Completed 200 OK in 23949ms (Views: 23909.3ms | ActiveRecord: 7.3ms)


Started GET "/auth/new" for ::1 at 2020-04-22 09:24:55 +0700
Processing by AuthenticationController#new_session as HTML
  Rendering authentication/new_session.html.erb within layouts/application
  Rendered authentication/new_session.html.erb within layouts/application (1.6ms)
  Rendered videos/_form.html.erb (0.7ms)
Completed 200 OK in 60ms (Views: 33.8ms | ActiveRecord: 0.0ms)


Started GET "/users/new" for ::1 at 2020-04-22 09:25:02 +0700
Processing by UsersController#new as HTML
  [1m[35m (2.3ms)[0m  [1m[35mSET NAMES utf8,  @@SESSION.sql_mode = CONCAT(CONCAT(@@sql_mode, ',STRICT_ALL_TABLES'), ',NO_AUTO_VALUE_ON_ZERO'),  @@SESSION.sql_auto_is_null = 0, @@SESSION.wait_timeout = 2147483[0m
  Rendering users/new.html.erb within layouts/application
  Rendered users/_form.html.erb (2708.8ms)
  Rendered users/new.html.erb within layouts/application (2718.0ms)
  Rendered videos/_form.html.erb (0.6ms)
Completed 200 OK in 2942ms (Views: 2769.8ms | ActiveRecord: 34.7ms)


Started POST "/users" for ::1 at 2020-04-22 09:25:14 +0700
Processing by UsersController#create as */*
  Parameters: {"utf8"=>"✓", "authenticity_token"=>"/3oCVNlJ7xmF/Hb7TOf+yNgIgqSI1IXvQk6KRIvYcMlhxhogHz7IkY2NM76OE21aUOJohqnTCsbOam8HHF7Cyw==", "user"=>{"username"=>"thanh", "password"=>"[FILTERED]", "password_confirmation"=>"[FILTERED]"}}
  [1m[35m (2.2ms)[0m  [1m[35mBEGIN[0m
  [1m[36mUser Exists (10.3ms)[0m  [1m[34mSELECT  1 AS one FROM `users` WHERE `users`.`username` = BINARY 'thanh' LIMIT 1[0m
  [1m[35m (4.1ms)[0m  [1m[31mROLLBACK[0m
Completed 422 Unprocessable Entity in 566ms (Views: 0.2ms | ActiveRecord: 16.6ms)


Started POST "/users" for ::1 at 2020-04-22 09:25:19 +0700
Processing by UsersController#create as */*
  Parameters: {"utf8"=>"✓", "authenticity_token"=>"/3oCVNlJ7xmF/Hb7TOf+yNgIgqSI1IXvQk6KRIvYcMlhxhogHz7IkY2NM76OE21aUOJohqnTCsbOam8HHF7Cyw==", "user"=>{"username"=>"thanh12", "password"=>"[FILTERED]", "password_confirmation"=>"[FILTERED]"}}
  [1m[35m (1.4ms)[0m  [1m[35mBEGIN[0m
  [1m[36mUser Exists (1.4ms)[0m  [1m[34mSELECT  1 AS one FROM `users` WHERE `users`.`username` = BINARY 'thanh12' LIMIT 1[0m
  [1m[35m (3.1ms)[0m  [1m[31mROLLBACK[0m
Completed 422 Unprocessable Entity in 530ms (Views: 0.2ms | ActiveRecord: 6.0ms)


Started POST "/users" for ::1 at 2020-04-22 09:25:29 +0700
Processing by UsersController#create as */*
  Parameters: {"utf8"=>"✓", "authenticity_token"=>"/3oCVNlJ7xmF/Hb7TOf+yNgIgqSI1IXvQk6KRIvYcMlhxhogHz7IkY2NM76OE21aUOJohqnTCsbOam8HHF7Cyw==", "user"=>{"username"=>"thanhle", "password"=>"[FILTERED]", "password_confirmation"=>"[FILTERED]"}}
  [1m[35m (1.5ms)[0m  [1m[35mBEGIN[0m
  [1m[36mUser Exists (1.7ms)[0m  [1m[34mSELECT  1 AS one FROM `users` WHERE `users`.`username` = BINARY 'thanhle' LIMIT 1[0m
  [1m[35m (1.8ms)[0m  [1m[31mROLLBACK[0m
Completed 422 Unprocessable Entity in 373ms (Views: 0.2ms | ActiveRecord: 5.0ms)


Started POST "/users" for ::1 at 2020-04-22 09:25:49 +0700
Processing by UsersController#create as */*
  Parameters: {"utf8"=>"✓", "authenticity_token"=>"/3oCVNlJ7xmF/Hb7TOf+yNgIgqSI1IXvQk6KRIvYcMlhxhogHz7IkY2NM76OE21aUOJohqnTCsbOam8HHF7Cyw==", "user"=>{"username"=>"thanhle", "password"=>"[FILTERED]", "password_confirmation"=>"[FILTERED]"}}
  [1m[35m (1.4ms)[0m  [1m[35mBEGIN[0m
  [1m[36mUser Exists (6.4ms)[0m  [1m[34mSELECT  1 AS one FROM `users` WHERE `users`.`username` = BINARY 'thanhle' LIMIT 1[0m
  [1m[35m (4.2ms)[0m  [1m[31mROLLBACK[0m
Completed 422 Unprocessable Entity in 363ms (Views: 0.2ms | ActiveRecord: 12.0ms)


Started POST "/users" for ::1 at 2020-04-22 09:26:22 +0700
Processing by UsersController#create as */*
  Parameters: {"utf8"=>"✓", "authenticity_token"=>"/3oCVNlJ7xmF/Hb7TOf+yNgIgqSI1IXvQk6KRIvYcMlhxhogHz7IkY2NM76OE21aUOJohqnTCsbOam8HHF7Cyw==", "user"=>{"username"=>"thanhle12", "password"=>"[FILTERED]", "password_confirmation"=>"[FILTERED]"}}
  [1m[35m (2.7ms)[0m  [1m[35mBEGIN[0m
  [1m[36mUser Exists (2.4ms)[0m  [1m[34mSELECT  1 AS one FROM `users` WHERE `users`.`username` = BINARY 'thanhle12' LIMIT 1[0m
  [1m[35m (2.8ms)[0m  [1m[31mROLLBACK[0m
Completed 422 Unprocessable Entity in 429ms (Views: 0.2ms | ActiveRecord: 7.9ms)


Started POST "/users" for ::1 at 2020-04-22 09:26:43 +0700
Processing by UsersController#create as */*
  Parameters: {"utf8"=>"✓", "authenticity_token"=>"/3oCVNlJ7xmF/Hb7TOf+yNgIgqSI1IXvQk6KRIvYcMlhxhogHz7IkY2NM76OE21aUOJohqnTCsbOam8HHF7Cyw==", "user"=>{"username"=>"thanhle12", "password"=>"[FILTERED]", "password_confirmation"=>"[FILTERED]"}}
  [1m[35m (5.2ms)[0m  [1m[35mBEGIN[0m
  [1m[36mUser Exists (1.9ms)[0m  [1m[34mSELECT  1 AS one FROM `users` WHERE `users`.`username` = BINARY 'thanhle12' LIMIT 1[0m
  [1m[35m (18.0ms)[0m  [1m[31mROLLBACK[0m
Completed 422 Unprocessable Entity in 408ms (Views: 0.3ms | ActiveRecord: 25.0ms)


Started POST "/users" for ::1 at 2020-04-22 09:26:48 +0700
Processing by UsersController#create as */*
  Parameters: {"utf8"=>"✓", "authenticity_token"=>"/3oCVNlJ7xmF/Hb7TOf+yNgIgqSI1IXvQk6KRIvYcMlhxhogHz7IkY2NM76OE21aUOJohqnTCsbOam8HHF7Cyw==", "user"=>{"username"=>"thanh_le12", "password"=>"[FILTERED]", "password_confirmation"=>"[FILTERED]"}}
  [1m[35m (1.9ms)[0m  [1m[35mBEGIN[0m
  [1m[36mUser Exists (1.4ms)[0m  [1m[34mSELECT  1 AS one FROM `users` WHERE `users`.`username` = BINARY 'thanh_le12' LIMIT 1[0m
  [1m[35m (1.4ms)[0m  [1m[31mROLLBACK[0m
Completed 422 Unprocessable Entity in 521ms (Views: 0.2ms | ActiveRecord: 4.7ms)


Started GET "/users/new" for ::1 at 2020-04-22 09:29:59 +0700
Processing by UsersController#new as HTML
  Rendering users/new.html.erb within layouts/application
  Rendered users/_form.html.erb (67.0ms)
  Rendered users/new.html.erb within layouts/application (85.4ms)
  Rendered videos/_form.html.erb (1.8ms)
Completed 200 OK in 183ms (Views: 143.7ms | ActiveRecord: 0.0ms)


Started POST "/users" for ::1 at 2020-04-22 09:30:08 +0700
Processing by UsersController#create as */*
  Parameters: {"utf8"=>"✓", "authenticity_token"=>"6KoyUUaBJxKtt6WJ1qPScMYFHRDdN45wyWGWwFyb1qvUEn1rIIW4beAabmkWXUDOumvPbde6JrW2FDEqUM7VDQ==", "user"=>{"username"=>"thanhle", "password"=>"[FILTERED]", "password_confirmation"=>"[FILTERED]"}}
  [1m[35m (1.8ms)[0m  [1m[35mBEGIN[0m
  [1m[36mUser Exists (1.9ms)[0m  [1m[34mSELECT  1 AS one FROM `users` WHERE `users`.`username` = BINARY 'thanhle' LIMIT 1[0m
  [1m[35m (1.2ms)[0m  [1m[31mROLLBACK[0m
Completed 422 Unprocessable Entity in 427ms (Views: 1.1ms | ActiveRecord: 4.8ms)


Started GET "/users/new" for ::1 at 2020-04-22 09:30:43 +0700
  [1m[35m (1.5ms)[0m  [1m[35mSET NAMES utf8,  @@SESSION.sql_mode = CONCAT(CONCAT(@@sql_mode, ',STRICT_ALL_TABLES'), ',NO_AUTO_VALUE_ON_ZERO'),  @@SESSION.sql_auto_is_null = 0, @@SESSION.wait_timeout = 2147483[0m
  [1m[35m (1.5ms)[0m  [1m[34mSELECT `schema_migrations`.`version` FROM `schema_migrations` ORDER BY `schema_migrations`.`version` ASC[0m
Processing by UsersController#new as HTML
  Rendering users/new.html.erb within layouts/application
  Rendered users/_form.html.erb (330.7ms)
  Rendered users/new.html.erb within layouts/application (347.2ms)
  Rendered videos/_form.html.erb (0.4ms)
Completed 200 OK in 457ms (Views: 378.9ms | ActiveRecord: 7.1ms)


Started POST "/users" for ::1 at 2020-04-22 09:30:52 +0700
Processing by UsersController#create as */*
  Parameters: {"utf8"=>"✓", "authenticity_token"=>"xUgnotxd3VhnrJ3avuP6W8qaW5kmIgddP2Yu6kE07GP58GiYullCJyoBVjp+HWjltvSJ5Cyvr5hAE4kATWHvxQ==", "user"=>{"username"=>"thanhle", "password"=>"[FILTERED]", "password_confirmation"=>"[FILTERED]"}}
  [1m[35m (1.3ms)[0m  [1m[35mSET NAMES utf8,  @@SESSION.sql_mode = CONCAT(CONCAT(@@sql_mode, ',STRICT_ALL_TABLES'), ',NO_AUTO_VALUE_ON_ZERO'),  @@SESSION.sql_auto_is_null = 0, @@SESSION.wait_timeout = 2147483[0m
  [1m[35m (1.3ms)[0m  [1m[35mBEGIN[0m
  [1m[36mUser Exists (2.2ms)[0m  [1m[34mSELECT  1 AS one FROM `users` WHERE `users`.`username` = BINARY 'thanhle' LIMIT 1[0m
  [1m[35m (1.4ms)[0m  [1m[31mROLLBACK[0m
Completed 422 Unprocessable Entity in 387ms (Views: 0.3ms | ActiveRecord: 6.1ms)


Started GET "/users/new" for ::1 at 2020-04-22 09:31:32 +0700
Processing by UsersController#new as HTML
  Rendering users/new.html.erb within layouts/application
  Rendered users/_form.html.erb (3.2ms)
  Rendered users/new.html.erb within layouts/application (6.6ms)
  Rendered videos/_form.html.erb (0.6ms)
Completed 200 OK in 67ms (Views: 34.8ms | ActiveRecord: 7.6ms)


Started POST "/users" for ::1 at 2020-04-22 09:32:06 +0700
Processing by UsersController#create as */*
  Parameters: {"utf8"=>"✓", "authenticity_token"=>"f6jy9zmbC+GCluqAnPnGUsjEsieWoUfHg0pqa/19a31DEL3NX5+Uns87IWBcB1TstKpgWpws7wL8P82B8Sho2w==", "user"=>{"username"=>"thanh", "password"=>"[FILTERED]", "password_confirmation"=>"[FILTERED]"}}
  [1m[35m (1.5ms)[0m  [1m[35mBEGIN[0m
  [1m[36mUser Exists (2.0ms)[0m  [1m[34mSELECT  1 AS one FROM `users` WHERE `users`.`username` = BINARY 'thanh' LIMIT 1[0m
  [1m[35m (1.7ms)[0m  [1m[31mROLLBACK[0m
Completed 422 Unprocessable Entity in 476ms (Views: 0.3ms | ActiveRecord: 5.1ms)


Started POST "/users" for ::1 at 2020-04-22 09:32:57 +0700
Processing by UsersController#create as */*
  Parameters: {"utf8"=>"✓", "authenticity_token"=>"f6jy9zmbC+GCluqAnPnGUsjEsieWoUfHg0pqa/19a31DEL3NX5+Uns87IWBcB1TstKpgWpws7wL8P82B8Sho2w==", "user"=>{"username"=>"thanh", "password"=>"[FILTERED]", "password_confirmation"=>"[FILTERED]"}}
  [1m[35m (1.7ms)[0m  [1m[35mBEGIN[0m
  [1m[35mSQL (1.6ms)[0m  [1m[32mINSERT INTO `users` (`username`, `password_digest`, `created_at`, `updated_at`) VALUES ('thanh', '$2a$12$gFQPV1dWtFqhmCX2JtSegeyKVMgoGOC1a1aswdHXH0ym3vnEYiBVG', '2020-04-22 02:32:57', '2020-04-22 02:32:57')[0m
  [1m[35m (3.4ms)[0m  [1m[35mCOMMIT[0m
Redirected to http://localhost:3000/auth/new
Completed 200 OK in 411ms (ActiveRecord: 13.9ms)


Started GET "/auth/new" for ::1 at 2020-04-22 09:32:57 +0700
Processing by AuthenticationController#new_session as HTML
  Rendering authentication/new_session.html.erb within layouts/application
  Rendered authentication/new_session.html.erb within layouts/application (11.6ms)
  Rendered videos/_form.html.erb (1.9ms)
Completed 200 OK in 117ms (Views: 113.8ms | ActiveRecord: 0.0ms)


Started POST "/auth/login" for ::1 at 2020-04-22 09:33:06 +0700
Processing by AuthenticationController#login as */*
  Parameters: {"username"=>"thanh", "password"=>"[FILTERED]"}
  [1m[36mUser Load (1.4ms)[0m  [1m[34mSELECT  `users`.* FROM `users` WHERE `users`.`username` = 'thanh' LIMIT 1[0m
  [1m[35m (1.7ms)[0m  [1m[35mBEGIN[0m
  [1m[35mSQL (1.3ms)[0m  [1m[32mINSERT INTO `tokens` (`token`, `user_id`, `created_at`, `updated_at`) VALUES ('eyJhbGciOiJIUzI1NiJ9.eyJ1c2VyX2lkIjoxLCJleHAiOjE1ODc2MDkxODZ9.sUdeWtwjQzanvwU6NYwqtn4ZygEtC_I74fEKeGdaj2U', 1, '2020-04-22 02:33:07', '2020-04-22 02:33:07')[0m
  [1m[35m (4.8ms)[0m  [1m[35mCOMMIT[0m
Completed 200 OK in 373ms (Views: 0.3ms | ActiveRecord: 13.2ms)


Started GET "/videos" for ::1 at 2020-04-22 09:33:07 +0700
Processing by VideosController#index as HTML
  [1m[36mToken Load (2.5ms)[0m  [1m[34mSELECT  `tokens`.* FROM `tokens` WHERE `tokens`.`token` = 'eyJhbGciOiJIUzI1NiJ9.eyJ1c2VyX2lkIjoxLCJleHAiOjE1ODc2MDkxODZ9.sUdeWtwjQzanvwU6NYwqtn4ZygEtC_I74fEKeGdaj2U' LIMIT 1[0m
  [1m[36mUser Load (4.1ms)[0m  [1m[34mSELECT  `users`.* FROM `users` WHERE `users`.`id` = 1 LIMIT 1[0m
  Rendering videos/index.html.erb within layouts/application
  [1m[36mVideo Load (6.9ms)[0m  [1m[34mSELECT `videos`.* FROM `videos` ORDER BY `videos`.`created_at` ASC[0m
  Rendered videos/index.html.erb within layouts/application (21.8ms)
  Rendered videos/_form.html.erb (0.5ms)
Completed 200 OK in 64ms (Views: 23.8ms | ActiveRecord: 24.0ms)


Started POST "/videos.json" for ::1 at 2020-04-22 09:33:23 +0700
Processing by VideosController#create as JSON
  Parameters: {"youtube_url"=>"https://www.youtube.com/watch?v=i1UHNMCHANE&feature=youtu.be&fbclid=IwAR1mnF93lNo96rz9sEOhU0cT81Bag7QeN_3te78_ZqGR-MT40qRoFlOvXpY", "title"=>"mr bin", "desc"=>"aaa"}
  [1m[36mToken Load (7.6ms)[0m  [1m[34mSELECT  `tokens`.* FROM `tokens` WHERE `tokens`.`token` = 'eyJhbGciOiJIUzI1NiJ9.eyJ1c2VyX2lkIjoxLCJleHAiOjE1ODc2MDkxODZ9.sUdeWtwjQzanvwU6NYwqtn4ZygEtC_I74fEKeGdaj2U' LIMIT 1[0m
  [1m[36mUser Load (2.4ms)[0m  [1m[34mSELECT  `users`.* FROM `users` WHERE `users`.`id` = 1 LIMIT 1[0m
Unpermitted parameter: :format
  [1m[35m (1.5ms)[0m  [1m[35mBEGIN[0m
  [1m[36mCACHE User Load (0.1ms)[0m  [1m[34mSELECT  `users`.* FROM `users` WHERE `users`.`id` = 1 LIMIT 1[0m  [["id", 1], ["LIMIT", 1]]
  [1m[35mSQL (6.3ms)[0m  [1m[32mINSERT INTO `videos` (`youtube_url`, `created_by`, `created_at`, `updated_at`, `title`, `desc`) VALUES ('https://www.youtube.com/embed/i1UHNMCHANE', 1, '2020-04-22 02:33:23', '2020-04-22 02:33:23', 'mr bin', 'aaa')[0m
  [1m[35m (26.2ms)[0m  [1m[35mCOMMIT[0m
Completed 200 OK in 77ms (Views: 1.5ms | ActiveRecord: 45.4ms)


Started GET "/videos" for ::1 at 2020-04-22 09:33:23 +0700
Processing by VideosController#index as HTML
  [1m[36mToken Load (4.8ms)[0m  [1m[34mSELECT  `tokens`.* FROM `tokens` WHERE `tokens`.`token` = 'eyJhbGciOiJIUzI1NiJ9.eyJ1c2VyX2lkIjoxLCJleHAiOjE1ODc2MDkxODZ9.sUdeWtwjQzanvwU6NYwqtn4ZygEtC_I74fEKeGdaj2U' LIMIT 1[0m
  [1m[36mUser Load (22.8ms)[0m  [1m[34mSELECT  `users`.* FROM `users` WHERE `users`.`id` = 1 LIMIT 1[0m
  Rendering videos/index.html.erb within layouts/application
  [1m[36mVideo Load (3.6ms)[0m  [1m[34mSELECT `videos`.* FROM `videos` ORDER BY `videos`.`created_at` ASC[0m
  [1m[36mVote Load (15.2ms)[0m  [1m[34mSELECT `votes`.* FROM `votes` WHERE `votes`.`video_id` = 1 AND `votes`.`user_id` = 1 AND `votes`.`like` = 1[0m
  [1m[36mVote Load (8.3ms)[0m  [1m[34mSELECT `votes`.* FROM `votes` WHERE `votes`.`video_id` = 1 AND `votes`.`user_id` = 1 AND `votes`.`like` = 0[0m
  [1m[36mCACHE User Load (0.1ms)[0m  [1m[34mSELECT  `users`.* FROM `users` WHERE `users`.`id` = 1 LIMIT 1[0m  [["id", 1], ["LIMIT", 1]]
  [1m[35m (17.3ms)[0m  [1m[34mSELECT COUNT(*) FROM `votes` WHERE `votes`.`video_id` = 1 AND `votes`.`like` = 1[0m
  [1m[35m (9.4ms)[0m  [1m[34mSELECT COUNT(*) FROM `votes` WHERE `votes`.`video_id` = 1 AND `votes`.`like` = 0[0m
  Rendered videos/_show.html.erb (79.8ms)
  Rendered videos/index.html.erb within layouts/application (94.8ms)
  Rendered videos/_form.html.erb (1.3ms)
Completed 200 OK in 199ms (Views: 91.0ms | ActiveRecord: 85.5ms)


Started PUT "/videos/1/like" for ::1 at 2020-04-22 09:33:30 +0700
Processing by VideosController#like as */*
  Parameters: {"id"=>"1"}
  [1m[36mToken Load (1.3ms)[0m  [1m[34mSELECT  `tokens`.* FROM `tokens` WHERE `tokens`.`token` = 'eyJhbGciOiJIUzI1NiJ9.eyJ1c2VyX2lkIjoxLCJleHAiOjE1ODc2MDkxODZ9.sUdeWtwjQzanvwU6NYwqtn4ZygEtC_I74fEKeGdaj2U' LIMIT 1[0m
  [1m[36mUser Load (2.0ms)[0m  [1m[34mSELECT  `users`.* FROM `users` WHERE `users`.`id` = 1 LIMIT 1[0m
  [1m[36mVideo Load (4.9ms)[0m  [1m[34mSELECT  `videos`.* FROM `videos` WHERE `videos`.`id` = 1 LIMIT 1[0m
  [1m[35mSQL (3.3ms)[0m  [1m[31mDELETE FROM `votes` WHERE `votes`.`user_id` = 1 AND `votes`.`video_id` = 1[0m
  [1m[35m (9.3ms)[0m  [1m[35mBEGIN[0m
  [1m[36mVote Exists (4.0ms)[0m  [1m[34mSELECT  1 AS one FROM `votes` WHERE `votes`.`user_id` = 1 AND `votes`.`video_id` = 1 LIMIT 1[0m
  [1m[35mSQL (1.7ms)[0m  [1m[32mINSERT INTO `votes` (`user_id`, `video_id`, `created_at`, `updated_at`) VALUES (1, 1, '2020-04-22 02:33:31', '2020-04-22 02:33:31')[0m
  [1m[35m (4.3ms)[0m  [1m[35mCOMMIT[0m
Completed 200 OK in 63ms (Views: 1.0ms | ActiveRecord: 32.2ms)


Started GET "/videos" for ::1 at 2020-04-22 09:33:31 +0700
Processing by VideosController#index as HTML
  [1m[36mToken Load (2.6ms)[0m  [1m[34mSELECT  `tokens`.* FROM `tokens` WHERE `tokens`.`token` = 'eyJhbGciOiJIUzI1NiJ9.eyJ1c2VyX2lkIjoxLCJleHAiOjE1ODc2MDkxODZ9.sUdeWtwjQzanvwU6NYwqtn4ZygEtC_I74fEKeGdaj2U' LIMIT 1[0m
  [1m[36mUser Load (2.8ms)[0m  [1m[34mSELECT  `users`.* FROM `users` WHERE `users`.`id` = 1 LIMIT 1[0m
  Rendering videos/index.html.erb within layouts/application
  [1m[36mVideo Load (10.4ms)[0m  [1m[34mSELECT `videos`.* FROM `videos` ORDER BY `videos`.`created_at` ASC[0m
  [1m[36mVote Load (11.5ms)[0m  [1m[34mSELECT `votes`.* FROM `votes` WHERE `votes`.`video_id` = 1 AND `votes`.`user_id` = 1 AND `votes`.`like` = 1[0m
  [1m[36mCACHE User Load (0.0ms)[0m  [1m[34mSELECT  `users`.* FROM `users` WHERE `users`.`id` = 1 LIMIT 1[0m  [["id", 1], ["LIMIT", 1]]
  [1m[35m (2.6ms)[0m  [1m[34mSELECT COUNT(*) FROM `votes` WHERE `votes`.`video_id` = 1 AND `votes`.`like` = 1[0m
  [1m[35m (3.4ms)[0m  [1m[34mSELECT COUNT(*) FROM `votes` WHERE `votes`.`video_id` = 1 AND `votes`.`like` = 0[0m
  Rendered videos/_show.html.erb (26.1ms)
  Rendered videos/index.html.erb within layouts/application (44.8ms)
  Rendered videos/_form.html.erb (0.7ms)
Completed 200 OK in 104ms (Views: 60.5ms | ActiveRecord: 33.4ms)


Started PUT "/videos/1/dislike" for ::1 at 2020-04-22 09:33:32 +0700
Processing by VideosController#dislike as */*
  Parameters: {"id"=>"1"}
  [1m[36mToken Load (2.0ms)[0m  [1m[34mSELECT  `tokens`.* FROM `tokens` WHERE `tokens`.`token` = 'eyJhbGciOiJIUzI1NiJ9.eyJ1c2VyX2lkIjoxLCJleHAiOjE1ODc2MDkxODZ9.sUdeWtwjQzanvwU6NYwqtn4ZygEtC_I74fEKeGdaj2U' LIMIT 1[0m
  [1m[36mUser Load (2.2ms)[0m  [1m[34mSELECT  `users`.* FROM `users` WHERE `users`.`id` = 1 LIMIT 1[0m
  [1m[36mVideo Load (1.9ms)[0m  [1m[34mSELECT  `videos`.* FROM `videos` WHERE `videos`.`id` = 1 LIMIT 1[0m
  [1m[35mSQL (8.2ms)[0m  [1m[31mDELETE FROM `votes` WHERE `votes`.`user_id` = 1 AND `votes`.`video_id` = 1[0m
  [1m[35m (2.4ms)[0m  [1m[35mBEGIN[0m
  [1m[36mVote Exists (2.2ms)[0m  [1m[34mSELECT  1 AS one FROM `votes` WHERE `votes`.`user_id` = 1 AND `votes`.`video_id` = 1 LIMIT 1[0m
  [1m[35mSQL (7.2ms)[0m  [1m[32mINSERT INTO `votes` (`user_id`, `video_id`, `like`, `created_at`, `updated_at`) VALUES (1, 1, 0, '2020-04-22 02:33:32', '2020-04-22 02:33:32')[0m
  [1m[35m (4.8ms)[0m  [1m[35mCOMMIT[0m
Completed 200 OK in 50ms (Views: 0.8ms | ActiveRecord: 31.0ms)


Started GET "/videos" for ::1 at 2020-04-22 09:33:32 +0700
Processing by VideosController#index as HTML
  [1m[36mToken Load (2.1ms)[0m  [1m[34mSELECT  `tokens`.* FROM `tokens` WHERE `tokens`.`token` = 'eyJhbGciOiJIUzI1NiJ9.eyJ1c2VyX2lkIjoxLCJleHAiOjE1ODc2MDkxODZ9.sUdeWtwjQzanvwU6NYwqtn4ZygEtC_I74fEKeGdaj2U' LIMIT 1[0m
  [1m[36mUser Load (2.4ms)[0m  [1m[34mSELECT  `users`.* FROM `users` WHERE `users`.`id` = 1 LIMIT 1[0m
  Rendering videos/index.html.erb within layouts/application
  [1m[36mVideo Load (4.3ms)[0m  [1m[34mSELECT `videos`.* FROM `videos` ORDER BY `videos`.`created_at` ASC[0m
  [1m[36mVote Load (14.0ms)[0m  [1m[34mSELECT `votes`.* FROM `votes` WHERE `votes`.`video_id` = 1 AND `votes`.`user_id` = 1 AND `votes`.`like` = 1[0m
  [1m[36mVote Load (8.2ms)[0m  [1m[34mSELECT `votes`.* FROM `votes` WHERE `votes`.`video_id` = 1 AND `votes`.`user_id` = 1 AND `votes`.`like` = 0[0m
  [1m[36mCACHE User Load (0.0ms)[0m  [1m[34mSELECT  `users`.* FROM `users` WHERE `users`.`id` = 1 LIMIT 1[0m  [["id", 1], ["LIMIT", 1]]
  [1m[35m (2.1ms)[0m  [1m[34mSELECT COUNT(*) FROM `votes` WHERE `votes`.`video_id` = 1 AND `votes`.`like` = 1[0m
  [1m[35m (1.9ms)[0m  [1m[34mSELECT COUNT(*) FROM `votes` WHERE `votes`.`video_id` = 1 AND `votes`.`like` = 0[0m
  Rendered videos/_show.html.erb (37.6ms)
  Rendered videos/index.html.erb within layouts/application (47.0ms)
  Rendered videos/_form.html.erb (3.0ms)
Completed 200 OK in 103ms (Views: 51.0ms | ActiveRecord: 34.8ms)


Started PUT "/videos/1/like" for ::1 at 2020-04-22 09:33:33 +0700
Processing by VideosController#like as */*
  Parameters: {"id"=>"1"}
  [1m[36mToken Load (3.1ms)[0m  [1m[34mSELECT  `tokens`.* FROM `tokens` WHERE `tokens`.`token` = 'eyJhbGciOiJIUzI1NiJ9.eyJ1c2VyX2lkIjoxLCJleHAiOjE1ODc2MDkxODZ9.sUdeWtwjQzanvwU6NYwqtn4ZygEtC_I74fEKeGdaj2U' LIMIT 1[0m
  [1m[36mUser Load (2.0ms)[0m  [1m[34mSELECT  `users`.* FROM `users` WHERE `users`.`id` = 1 LIMIT 1[0m
  [1m[36mVideo Load (2.7ms)[0m  [1m[34mSELECT  `videos`.* FROM `videos` WHERE `videos`.`id` = 1 LIMIT 1[0m
  [1m[35mSQL (8.6ms)[0m  [1m[31mDELETE FROM `votes` WHERE `votes`.`user_id` = 1 AND `votes`.`video_id` = 1[0m
  [1m[35m (2.7ms)[0m  [1m[35mBEGIN[0m
  [1m[36mVote Exists (2.6ms)[0m  [1m[34mSELECT  1 AS one FROM `votes` WHERE `votes`.`user_id` = 1 AND `votes`.`video_id` = 1 LIMIT 1[0m
  [1m[35mSQL (4.3ms)[0m  [1m[32mINSERT INTO `votes` (`user_id`, `video_id`, `created_at`, `updated_at`) VALUES (1, 1, '2020-04-22 02:33:33', '2020-04-22 02:33:33')[0m
  [1m[35m (4.7ms)[0m  [1m[35mCOMMIT[0m
Completed 200 OK in 47ms (Views: 1.8ms | ActiveRecord: 30.6ms)


Started GET "/videos" for ::1 at 2020-04-22 09:33:33 +0700
Processing by VideosController#index as HTML
  [1m[36mToken Load (2.1ms)[0m  [1m[34mSELECT  `tokens`.* FROM `tokens` WHERE `tokens`.`token` = 'eyJhbGciOiJIUzI1NiJ9.eyJ1c2VyX2lkIjoxLCJleHAiOjE1ODc2MDkxODZ9.sUdeWtwjQzanvwU6NYwqtn4ZygEtC_I74fEKeGdaj2U' LIMIT 1[0m
  [1m[36mUser Load (6.1ms)[0m  [1m[34mSELECT  `users`.* FROM `users` WHERE `users`.`id` = 1 LIMIT 1[0m
  Rendering videos/index.html.erb within layouts/application
  [1m[36mVideo Load (2.8ms)[0m  [1m[34mSELECT `videos`.* FROM `videos` ORDER BY `videos`.`created_at` ASC[0m
  [1m[36mVote Load (16.2ms)[0m  [1m[34mSELECT `votes`.* FROM `votes` WHERE `votes`.`video_id` = 1 AND `votes`.`user_id` = 1 AND `votes`.`like` = 1[0m
  [1m[36mCACHE User Load (0.0ms)[0m  [1m[34mSELECT  `users`.* FROM `users` WHERE `users`.`id` = 1 LIMIT 1[0m  [["id", 1], ["LIMIT", 1]]
  [1m[35m (4.1ms)[0m  [1m[34mSELECT COUNT(*) FROM `votes` WHERE `votes`.`video_id` = 1 AND `votes`.`like` = 1[0m
  [1m[35m (5.0ms)[0m  [1m[34mSELECT COUNT(*) FROM `votes` WHERE `votes`.`video_id` = 1 AND `votes`.`like` = 0[0m
  Rendered videos/_show.html.erb (32.8ms)
  Rendered videos/index.html.erb within layouts/application (42.6ms)
  Rendered videos/_form.html.erb (0.7ms)
Completed 200 OK in 98ms (Views: 50.3ms | ActiveRecord: 36.3ms)


Started PUT "/videos/1/dislike" for ::1 at 2020-04-22 09:33:35 +0700
Processing by VideosController#dislike as */*
  Parameters: {"id"=>"1"}
  [1m[36mToken Load (2.9ms)[0m  [1m[34mSELECT  `tokens`.* FROM `tokens` WHERE `tokens`.`token` = 'eyJhbGciOiJIUzI1NiJ9.eyJ1c2VyX2lkIjoxLCJleHAiOjE1ODc2MDkxODZ9.sUdeWtwjQzanvwU6NYwqtn4ZygEtC_I74fEKeGdaj2U' LIMIT 1[0m
  [1m[36mUser Load (2.4ms)[0m  [1m[34mSELECT  `users`.* FROM `users` WHERE `users`.`id` = 1 LIMIT 1[0m
  [1m[36mVideo Load (13.1ms)[0m  [1m[34mSELECT  `videos`.* FROM `videos` WHERE `videos`.`id` = 1 LIMIT 1[0m
  [1m[35mSQL (28.2ms)[0m  [1m[31mDELETE FROM `votes` WHERE `votes`.`user_id` = 1 AND `votes`.`video_id` = 1[0m
  [1m[35m (3.0ms)[0m  [1m[35mBEGIN[0m
  [1m[36mVote Exists (1.6ms)[0m  [1m[34mSELECT  1 AS one FROM `votes` WHERE `votes`.`user_id` = 1 AND `votes`.`video_id` = 1 LIMIT 1[0m
  [1m[35mSQL (14.2ms)[0m  [1m[32mINSERT INTO `votes` (`user_id`, `video_id`, `like`, `created_at`, `updated_at`) VALUES (1, 1, 0, '2020-04-22 02:33:35', '2020-04-22 02:33:35')[0m
  [1m[35m (7.8ms)[0m  [1m[35mCOMMIT[0m
Completed 200 OK in 94ms (Views: 0.7ms | ActiveRecord: 73.1ms)


Started GET "/videos" for ::1 at 2020-04-22 09:33:35 +0700
Processing by VideosController#index as HTML
  [1m[36mToken Load (4.9ms)[0m  [1m[34mSELECT  `tokens`.* FROM `tokens` WHERE `tokens`.`token` = 'eyJhbGciOiJIUzI1NiJ9.eyJ1c2VyX2lkIjoxLCJleHAiOjE1ODc2MDkxODZ9.sUdeWtwjQzanvwU6NYwqtn4ZygEtC_I74fEKeGdaj2U' LIMIT 1[0m
  [1m[36mUser Load (12.7ms)[0m  [1m[34mSELECT  `users`.* FROM `users` WHERE `users`.`id` = 1 LIMIT 1[0m
  Rendering videos/index.html.erb within layouts/application
  [1m[36mVideo Load (11.6ms)[0m  [1m[34mSELECT `videos`.* FROM `videos` ORDER BY `videos`.`created_at` ASC[0m
  [1m[36mVote Load (2.3ms)[0m  [1m[34mSELECT `votes`.* FROM `votes` WHERE `votes`.`video_id` = 1 AND `votes`.`user_id` = 1 AND `votes`.`like` = 1[0m
  [1m[36mVote Load (2.2ms)[0m  [1m[34mSELECT `votes`.* FROM `votes` WHERE `votes`.`video_id` = 1 AND `votes`.`user_id` = 1 AND `votes`.`like` = 0[0m
  [1m[36mCACHE User Load (0.0ms)[0m  [1m[34mSELECT  `users`.* FROM `users` WHERE `users`.`id` = 1 LIMIT 1[0m  [["id", 1], ["LIMIT", 1]]
  [1m[35m (12.3ms)[0m  [1m[34mSELECT COUNT(*) FROM `votes` WHERE `votes`.`video_id` = 1 AND `votes`.`like` = 1[0m
  [1m[35m (2.8ms)[0m  [1m[34mSELECT COUNT(*) FROM `votes` WHERE `votes`.`video_id` = 1 AND `votes`.`like` = 0[0m
  Rendered videos/_show.html.erb (100.2ms)
  Rendered videos/index.html.erb within layouts/application (120.5ms)
  Rendered videos/_form.html.erb (0.4ms)
Completed 200 OK in 185ms (Views: 119.0ms | ActiveRecord: 48.9ms)


Started PUT "/videos/1/like" for ::1 at 2020-04-22 09:33:37 +0700
Processing by VideosController#like as */*
  Parameters: {"id"=>"1"}
  [1m[36mToken Load (1.3ms)[0m  [1m[34mSELECT  `tokens`.* FROM `tokens` WHERE `tokens`.`token` = 'eyJhbGciOiJIUzI1NiJ9.eyJ1c2VyX2lkIjoxLCJleHAiOjE1ODc2MDkxODZ9.sUdeWtwjQzanvwU6NYwqtn4ZygEtC_I74fEKeGdaj2U' LIMIT 1[0m
  [1m[36mUser Load (1.5ms)[0m  [1m[34mSELECT  `users`.* FROM `users` WHERE `users`.`id` = 1 LIMIT 1[0m
  [1m[36mVideo Load (1.3ms)[0m  [1m[34mSELECT  `videos`.* FROM `videos` WHERE `videos`.`id` = 1 LIMIT 1[0m
  [1m[35mSQL (5.3ms)[0m  [1m[31mDELETE FROM `votes` WHERE `votes`.`user_id` = 1 AND `votes`.`video_id` = 1[0m
  [1m[35m (1.5ms)[0m  [1m[35mBEGIN[0m
  [1m[36mVote Exists (5.3ms)[0m  [1m[34mSELECT  1 AS one FROM `votes` WHERE `votes`.`user_id` = 1 AND `votes`.`video_id` = 1 LIMIT 1[0m
  [1m[35mSQL (5.3ms)[0m  [1m[32mINSERT INTO `votes` (`user_id`, `video_id`, `created_at`, `updated_at`) VALUES (1, 1, '2020-04-22 02:33:37', '2020-04-22 02:33:37')[0m
  [1m[35m (5.3ms)[0m  [1m[35mCOMMIT[0m
Completed 200 OK in 41ms (Views: 1.0ms | ActiveRecord: 26.9ms)


Started GET "/videos" for ::1 at 2020-04-22 09:33:37 +0700
Processing by VideosController#index as HTML
  [1m[36mToken Load (3.1ms)[0m  [1m[34mSELECT  `tokens`.* FROM `tokens` WHERE `tokens`.`token` = 'eyJhbGciOiJIUzI1NiJ9.eyJ1c2VyX2lkIjoxLCJleHAiOjE1ODc2MDkxODZ9.sUdeWtwjQzanvwU6NYwqtn4ZygEtC_I74fEKeGdaj2U' LIMIT 1[0m
  [1m[36mUser Load (6.0ms)[0m  [1m[34mSELECT  `users`.* FROM `users` WHERE `users`.`id` = 1 LIMIT 1[0m
  Rendering videos/index.html.erb within layouts/application
  [1m[36mVideo Load (11.1ms)[0m  [1m[34mSELECT `videos`.* FROM `videos` ORDER BY `videos`.`created_at` ASC[0m
  [1m[36mVote Load (9.6ms)[0m  [1m[34mSELECT `votes`.* FROM `votes` WHERE `votes`.`video_id` = 1 AND `votes`.`user_id` = 1 AND `votes`.`like` = 1[0m
  [1m[36mCACHE User Load (0.0ms)[0m  [1m[34mSELECT  `users`.* FROM `users` WHERE `users`.`id` = 1 LIMIT 1[0m  [["id", 1], ["LIMIT", 1]]
  [1m[35m (6.4ms)[0m  [1m[34mSELECT COUNT(*) FROM `votes` WHERE `votes`.`video_id` = 1 AND `votes`.`like` = 1[0m
  [1m[35m (2.3ms)[0m  [1m[34mSELECT COUNT(*) FROM `votes` WHERE `votes`.`video_id` = 1 AND `votes`.`like` = 0[0m
  Rendered videos/_show.html.erb (32.5ms)
  Rendered videos/index.html.erb within layouts/application (52.7ms)
  Rendered videos/_form.html.erb (0.7ms)
Completed 200 OK in 121ms (Views: 52.7ms | ActiveRecord: 38.5ms)


Started GET "/" for ::1 at 2020-04-22 09:33:44 +0700
Processing by VideosController#index as HTML
  [1m[36mToken Load (1.7ms)[0m  [1m[34mSELECT  `tokens`.* FROM `tokens` WHERE `tokens`.`token` = 'eyJhbGciOiJIUzI1NiJ9.eyJ1c2VyX2lkIjoxLCJleHAiOjE1ODc2MDkxODZ9.sUdeWtwjQzanvwU6NYwqtn4ZygEtC_I74fEKeGdaj2U' LIMIT 1[0m
  [1m[36mUser Load (7.3ms)[0m  [1m[34mSELECT  `users`.* FROM `users` WHERE `users`.`id` = 1 LIMIT 1[0m
  Rendering videos/index.html.erb within layouts/application
  [1m[36mVideo Load (26.9ms)[0m  [1m[34mSELECT `videos`.* FROM `videos` ORDER BY `videos`.`created_at` ASC[0m
  [1m[36mVote Load (6.3ms)[0m  [1m[34mSELECT `votes`.* FROM `votes` WHERE `votes`.`video_id` = 1 AND `votes`.`user_id` = 1 AND `votes`.`like` = 1[0m
  [1m[36mCACHE User Load (0.0ms)[0m  [1m[34mSELECT  `users`.* FROM `users` WHERE `users`.`id` = 1 LIMIT 1[0m  [["id", 1], ["LIMIT", 1]]
  [1m[35m (5.7ms)[0m  [1m[34mSELECT COUNT(*) FROM `votes` WHERE `votes`.`video_id` = 1 AND `votes`.`like` = 1[0m
  [1m[35m (4.8ms)[0m  [1m[34mSELECT COUNT(*) FROM `votes` WHERE `votes`.`video_id` = 1 AND `votes`.`like` = 0[0m
  Rendered videos/_show.html.erb (28.9ms)
  Rendered videos/index.html.erb within layouts/application (66.0ms)
  Rendered videos/_form.html.erb (0.6ms)
Completed 200 OK in 112ms (Views: 46.4ms | ActiveRecord: 52.7ms)


Started GET "/" for ::1 at 2020-04-22 09:33:51 +0700
Processing by VideosController#index as HTML
  [1m[36mToken Load (10.1ms)[0m  [1m[34mSELECT  `tokens`.* FROM `tokens` WHERE `tokens`.`token` = 'eyJhbGciOiJIUzI1NiJ9.eyJ1c2VyX2lkIjoxLCJleHAiOjE1ODc2MDkxODZ9.sUdeWtwjQzanvwU6NYwqtn4ZygEtC_I74fEKeGdaj2U' LIMIT 1[0m
  [1m[36mUser Load (22.6ms)[0m  [1m[34mSELECT  `users`.* FROM `users` WHERE `users`.`id` = 1 LIMIT 1[0m
  Rendering videos/index.html.erb within layouts/application
  [1m[36mVideo Load (7.4ms)[0m  [1m[34mSELECT `videos`.* FROM `videos` ORDER BY `videos`.`created_at` ASC[0m
  [1m[36mVote Load (2.3ms)[0m  [1m[34mSELECT `votes`.* FROM `votes` WHERE `votes`.`video_id` = 1 AND `votes`.`user_id` = 1 AND `votes`.`like` = 1[0m
  [1m[36mCACHE User Load (0.0ms)[0m  [1m[34mSELECT  `users`.* FROM `users` WHERE `users`.`id` = 1 LIMIT 1[0m  [["id", 1], ["LIMIT", 1]]
  [1m[35m (2.2ms)[0m  [1m[34mSELECT COUNT(*) FROM `votes` WHERE `votes`.`video_id` = 1 AND `votes`.`like` = 1[0m
  [1m[35m (4.0ms)[0m  [1m[34mSELECT COUNT(*) FROM `votes` WHERE `votes`.`video_id` = 1 AND `votes`.`like` = 0[0m
  Rendered videos/_show.html.erb (21.0ms)
  Rendered videos/index.html.erb within layouts/application (34.3ms)
  Rendered videos/_form.html.erb (0.4ms)
Completed 200 OK in 107ms (Views: 42.1ms | ActiveRecord: 48.7ms)


Started DELETE "/auth/logout" for ::1 at 2020-04-22 09:34:21 +0700
Started DELETE "/auth/logout" for ::1 at 2020-04-22 09:34:21 +0700
Started DELETE "/auth/logout" for ::1 at 2020-04-22 09:34:21 +0700
Processing by AuthenticationController#logout as */*
  [1m[36mToken Load (3.9ms)[0m  [1m[34mSELECT  `tokens`.* FROM `tokens` WHERE `tokens`.`token` = 'eyJhbGciOiJIUzI1NiJ9.eyJ1c2VyX2lkIjoxLCJleHAiOjE1ODc2MDkxODZ9.sUdeWtwjQzanvwU6NYwqtn4ZygEtC_I74fEKeGdaj2U' LIMIT 1[0m
  [1m[35mSQL (5.3ms)[0m  [1m[31mDELETE FROM `tokens` WHERE `tokens`.`id` = 1[0m
Completed 200 OK in 65ms (Views: 0.3ms | ActiveRecord: 16.5ms)


Processing by AuthenticationController#logout as */*
Processing by AuthenticationController#logout as */*
  [1m[36mToken Load (3.5ms)[0m  [1m[34mSELECT  `tokens`.* FROM `tokens` WHERE `tokens`.`token` = 'eyJhbGciOiJIUzI1NiJ9.eyJ1c2VyX2lkIjoxLCJleHAiOjE1ODc2MDkxODZ9.sUdeWtwjQzanvwU6NYwqtn4ZygEtC_I74fEKeGdaj2U' LIMIT 1[0m
Completed 404 Not Found in 20ms (ActiveRecord: 7.7ms)


  
ActiveRecord::RecordNotFound (Couldn't find Token):
  
app/controllers/authentication_controller.rb:22:in `logout'
  [1m[36mToken Load (4.7ms)[0m  [1m[34mSELECT  `tokens`.* FROM `tokens` WHERE `tokens`.`token` = 'eyJhbGciOiJIUzI1NiJ9.eyJ1c2VyX2lkIjoxLCJleHAiOjE1ODc2MDkxODZ9.sUdeWtwjQzanvwU6NYwqtn4ZygEtC_I74fEKeGdaj2U' LIMIT 1[0m
Completed 404 Not Found in 165ms (ActiveRecord: 4.7ms)


  
ActiveRecord::RecordNotFound (Couldn't find Token):
  
app/controllers/authentication_controller.rb:22:in `logout'
Started GET "/" for ::1 at 2020-04-22 09:34:21 +0700
Processing by VideosController#index as HTML
  Rendering videos/index.html.erb within layouts/application
  [1m[36mVideo Load (1.9ms)[0m  [1m[34mSELECT `videos`.* FROM `videos` ORDER BY `videos`.`created_at` ASC[0m
  [1m[36mUser Load (2.0ms)[0m  [1m[34mSELECT  `users`.* FROM `users` WHERE `users`.`id` = 1 LIMIT 1[0m
  [1m[35m (4.5ms)[0m  [1m[34mSELECT COUNT(*) FROM `votes` WHERE `votes`.`video_id` = 1 AND `votes`.`like` = 1[0m
  [1m[35m (11.3ms)[0m  [1m[34mSELECT COUNT(*) FROM `votes` WHERE `votes`.`video_id` = 1 AND `votes`.`like` = 0[0m
  Rendered videos/_show.html.erb (79.6ms)
  Rendered videos/index.html.erb within layouts/application (113.4ms)
  Rendered videos/_form.html.erb (0.5ms)
Completed 200 OK in 167ms (Views: 118.9ms | ActiveRecord: 38.6ms)


Started GET "/auth/new" for ::1 at 2020-04-22 09:34:24 +0700
Processing by AuthenticationController#new_session as HTML
  Rendering authentication/new_session.html.erb within layouts/application
  Rendered authentication/new_session.html.erb within layouts/application (2.2ms)
  Rendered videos/_form.html.erb (0.4ms)
Completed 200 OK in 66ms (Views: 48.4ms | ActiveRecord: 0.0ms)


Started GET "/users/new" for ::1 at 2020-04-22 09:34:27 +0700
Processing by UsersController#new as HTML
  Rendering users/new.html.erb within layouts/application
  Rendered users/_form.html.erb (11.6ms)
  Rendered users/new.html.erb within layouts/application (17.3ms)
  Rendered videos/_form.html.erb (0.8ms)
Completed 200 OK in 90ms (Views: 85.9ms | ActiveRecord: 0.0ms)


Started POST "/users" for ::1 at 2020-04-22 09:34:34 +0700
Processing by UsersController#create as */*
  Parameters: {"utf8"=>"✓", "authenticity_token"=>"HMENafBYvwzyCla9BJT8+IAeGsEdlmWtNERcjgXO4uOCfRUdNi+YhPp7E/jGYG9qCPTw4zyR6oS4YLnNkkhQ4Q==", "user"=>{"username"=>"thanhle", "password"=>"[FILTERED]", "password_confirmation"=>"[FILTERED]"}}
  [1m[35m (1.7ms)[0m  [1m[35mBEGIN[0m
  [1m[35mSQL (1.9ms)[0m  [1m[32mINSERT INTO `users` (`username`, `password_digest`, `created_at`, `updated_at`) VALUES ('thanhle', '$2a$12$TJJki49vaqzIww6QNb9Yqu5ry86jBYd7BXsI.DuqdTnVApcvggg1m', '2020-04-22 02:34:35', '2020-04-22 02:34:35')[0m
  [1m[35m (4.1ms)[0m  [1m[35mCOMMIT[0m
Redirected to http://localhost:3000/auth/new
Completed 200 OK in 487ms (ActiveRecord: 7.6ms)


Started GET "/auth/new" for ::1 at 2020-04-22 09:34:35 +0700
Processing by AuthenticationController#new_session as HTML
  Rendering authentication/new_session.html.erb within layouts/application
  Rendered authentication/new_session.html.erb within layouts/application (2.5ms)
  Rendered videos/_form.html.erb (1.3ms)
Completed 200 OK in 156ms (Views: 152.6ms | ActiveRecord: 0.0ms)


Started POST "/videos.json" for ::1 at 2020-04-24 20:32:13 +0700
  [1m[35m (6.4ms)[0m  [1m[35mSET NAMES utf8,  @@SESSION.sql_mode = CONCAT(CONCAT(@@sql_mode, ',STRICT_ALL_TABLES'), ',NO_AUTO_VALUE_ON_ZERO'),  @@SESSION.sql_auto_is_null = 0, @@SESSION.wait_timeout = 2147483[0m
  [1m[35m (1.7ms)[0m  [1m[34mSELECT `schema_migrations`.`version` FROM `schema_migrations` ORDER BY `schema_migrations`.`version` ASC[0m
Processing by VideosController#create as JSON
  Parameters: {"youtube_url"=>"https://www.w3schools.com/python/python_tuples.asp", "title"=>"qqq", "desc"=>"qqq"}
  [1m[36mToken Load (1.6ms)[0m  [1m[34mSELECT  `tokens`.* FROM `tokens` WHERE `tokens`.`token` = 'eyJhbGciOiJIUzI1NiJ9.eyJ1c2VyX2lkIjo3LCJleHAiOjE1ODc4MjEwMTJ9.y_Pe2_d1kwww_py-0wdeXJICgKPuwB8hNclLzDrvNXo' LIMIT 1[0m
  [1m[36mUser Load (2.7ms)[0m  [1m[34mSELECT  `users`.* FROM `users` WHERE `users`.`id` = 7 LIMIT 1[0m
Unpermitted parameter: :format
  [1m[35m (2.1ms)[0m  [1m[35mBEGIN[0m
  [1m[36mUser Load (2.0ms)[0m  [1m[34mSELECT  `users`.* FROM `users` WHERE `users`.`id` = 7 LIMIT 1[0m
  [1m[35mSQL (4.1ms)[0m  [1m[32mINSERT INTO `videos` (`youtube_url`, `created_by`, `created_at`, `updated_at`, `title`, `desc`) VALUES ('https://www.w3schools.com/python/python_tuples.asp', 7, '2020-04-24 13:32:14', '2020-04-24 13:32:14', 'qqq', 'qqq')[0m
  [1m[35m (4.5ms)[0m  [1m[35mCOMMIT[0m
Completed 200 OK in 141ms (Views: 1.2ms | ActiveRecord: 39.1ms)


Started GET "/videos" for ::1 at 2020-04-24 20:32:14 +0700
Processing by VideosController#index as HTML
  [1m[35m (2.4ms)[0m  [1m[35mSET NAMES utf8,  @@SESSION.sql_mode = CONCAT(CONCAT(@@sql_mode, ',STRICT_ALL_TABLES'), ',NO_AUTO_VALUE_ON_ZERO'),  @@SESSION.sql_auto_is_null = 0, @@SESSION.wait_timeout = 2147483[0m
  [1m[36mToken Load (16.6ms)[0m  [1m[34mSELECT  `tokens`.* FROM `tokens` WHERE `tokens`.`token` = 'eyJhbGciOiJIUzI1NiJ9.eyJ1c2VyX2lkIjo3LCJleHAiOjE1ODc4MjEwMTJ9.y_Pe2_d1kwww_py-0wdeXJICgKPuwB8hNclLzDrvNXo' LIMIT 1[0m
  [1m[36mUser Load (19.1ms)[0m  [1m[34mSELECT  `users`.* FROM `users` WHERE `users`.`id` = 7 LIMIT 1[0m
  Rendering videos/index.html.erb within layouts/application
  [1m[36mVideo Load (12.6ms)[0m  [1m[34mSELECT `videos`.* FROM `videos` ORDER BY `videos`.`created_at` ASC[0m
  [1m[36mVote Load (4.2ms)[0m  [1m[34mSELECT `votes`.* FROM `votes` WHERE `votes`.`video_id` = 2 AND `votes`.`user_id` = 7 AND `votes`.`like` = 1[0m
  [1m[36mVote Load (10.6ms)[0m  [1m[34mSELECT `votes`.* FROM `votes` WHERE `votes`.`video_id` = 2 AND `votes`.`user_id` = 7 AND `votes`.`like` = 0[0m
  [1m[36mUser Load (10.7ms)[0m  [1m[34mSELECT  `users`.* FROM `users` WHERE `users`.`id` = 5 LIMIT 1[0m
  [1m[35m (11.4ms)[0m  [1m[34mSELECT COUNT(*) FROM `votes` WHERE `votes`.`video_id` = 2 AND `votes`.`like` = 1[0m
  [1m[35m (18.9ms)[0m  [1m[34mSELECT COUNT(*) FROM `votes` WHERE `votes`.`video_id` = 2 AND `votes`.`like` = 0[0m
  Rendered videos/_show.html.erb (188.5ms)
  [1m[36mVote Load (10.5ms)[0m  [1m[34mSELECT `votes`.* FROM `votes` WHERE `votes`.`video_id` = 3 AND `votes`.`user_id` = 7 AND `votes`.`like` = 1[0m
  [1m[36mVote Load (2.6ms)[0m  [1m[34mSELECT `votes`.* FROM `votes` WHERE `votes`.`video_id` = 3 AND `votes`.`user_id` = 7 AND `votes`.`like` = 0[0m
  [1m[36mCACHE User Load (0.1ms)[0m  [1m[34mSELECT  `users`.* FROM `users` WHERE `users`.`id` = 5 LIMIT 1[0m  [["id", 5], ["LIMIT", 1]]
  [1m[35m (4.6ms)[0m  [1m[34mSELECT COUNT(*) FROM `votes` WHERE `votes`.`video_id` = 3 AND `votes`.`like` = 1[0m
  [1m[35m (1.7ms)[0m  [1m[34mSELECT COUNT(*) FROM `votes` WHERE `votes`.`video_id` = 3 AND `votes`.`like` = 0[0m
  Rendered videos/_show.html.erb (50.7ms)
  [1m[36mVote Load (4.3ms)[0m  [1m[34mSELECT `votes`.* FROM `votes` WHERE `votes`.`video_id` = 4 AND `votes`.`user_id` = 7 AND `votes`.`like` = 1[0m
  [1m[36mVote Load (3.0ms)[0m  [1m[34mSELECT `votes`.* FROM `votes` WHERE `votes`.`video_id` = 4 AND `votes`.`user_id` = 7 AND `votes`.`like` = 0[0m
  [1m[36mUser Load (1.9ms)[0m  [1m[34mSELECT  `users`.* FROM `users` WHERE `users`.`id` = 6 LIMIT 1[0m
  [1m[35m (3.7ms)[0m  [1m[34mSELECT COUNT(*) FROM `votes` WHERE `votes`.`video_id` = 4 AND `votes`.`like` = 1[0m
  [1m[35m (4.2ms)[0m  [1m[34mSELECT COUNT(*) FROM `votes` WHERE `votes`.`video_id` = 4 AND `votes`.`like` = 0[0m
  Rendered videos/_show.html.erb (30.0ms)
  [1m[36mVote Load (12.0ms)[0m  [1m[34mSELECT `votes`.* FROM `votes` WHERE `votes`.`video_id` = 5 AND `votes`.`user_id` = 7 AND `votes`.`like` = 1[0m
  [1m[36mVote Load (25.5ms)[0m  [1m[34mSELECT `votes`.* FROM `votes` WHERE `votes`.`video_id` = 5 AND `votes`.`user_id` = 7 AND `votes`.`like` = 0[0m
  [1m[36mCACHE User Load (0.0ms)[0m  [1m[34mSELECT  `users`.* FROM `users` WHERE `users`.`id` = 7 LIMIT 1[0m  [["id", 7], ["LIMIT", 1]]
  [1m[35m (4.2ms)[0m  [1m[34mSELECT COUNT(*) FROM `votes` WHERE `votes`.`video_id` = 5 AND `votes`.`like` = 1[0m
  [1m[35m (5.0ms)[0m  [1m[34mSELECT COUNT(*) FROM `votes` WHERE `votes`.`video_id` = 5 AND `votes`.`like` = 0[0m
  Rendered videos/_show.html.erb (69.8ms)
  Rendered videos/index.html.erb within layouts/application (376.8ms)
  Rendered videos/_form.html.erb (0.4ms)
Completed 200 OK in 720ms (Views: 293.7ms | ActiveRecord: 225.1ms)


Started PUT "/videos/5/like" for ::1 at 2020-04-24 20:32:17 +0700
Processing by VideosController#like as */*
  Parameters: {"id"=>"5"}
  [1m[36mToken Load (3.6ms)[0m  [1m[34mSELECT  `tokens`.* FROM `tokens` WHERE `tokens`.`token` = 'eyJhbGciOiJIUzI1NiJ9.eyJ1c2VyX2lkIjo3LCJleHAiOjE1ODc4MjEwMTJ9.y_Pe2_d1kwww_py-0wdeXJICgKPuwB8hNclLzDrvNXo' LIMIT 1[0m
  [1m[36mUser Load (2.5ms)[0m  [1m[34mSELECT  `users`.* FROM `users` WHERE `users`.`id` = 7 LIMIT 1[0m
  [1m[36mVideo Load (6.2ms)[0m  [1m[34mSELECT  `videos`.* FROM `videos` WHERE `videos`.`id` = 5 LIMIT 1[0m
  [1m[35mSQL (11.7ms)[0m  [1m[31mDELETE FROM `votes` WHERE `votes`.`user_id` = 7 AND `votes`.`video_id` = 5[0m
  [1m[35m (3.6ms)[0m  [1m[35mBEGIN[0m
  [1m[36mVote Exists (4.7ms)[0m  [1m[34mSELECT  1 AS one FROM `votes` WHERE `votes`.`user_id` = 7 AND `votes`.`video_id` = 5 LIMIT 1[0m
  [1m[35mSQL (4.8ms)[0m  [1m[32mINSERT INTO `votes` (`user_id`, `video_id`, `created_at`, `updated_at`) VALUES (7, 5, '2020-04-24 13:32:17', '2020-04-24 13:32:17')[0m
  [1m[35m (3.5ms)[0m  [1m[35mCOMMIT[0m
Completed 200 OK in 69ms (Views: 0.7ms | ActiveRecord: 40.4ms)


Started GET "/videos" for ::1 at 2020-04-24 20:32:17 +0700
Processing by VideosController#index as HTML
  [1m[36mToken Load (7.5ms)[0m  [1m[34mSELECT  `tokens`.* FROM `tokens` WHERE `tokens`.`token` = 'eyJhbGciOiJIUzI1NiJ9.eyJ1c2VyX2lkIjo3LCJleHAiOjE1ODc4MjEwMTJ9.y_Pe2_d1kwww_py-0wdeXJICgKPuwB8hNclLzDrvNXo' LIMIT 1[0m
  [1m[36mUser Load (10.2ms)[0m  [1m[34mSELECT  `users`.* FROM `users` WHERE `users`.`id` = 7 LIMIT 1[0m
  Rendering videos/index.html.erb within layouts/application
  [1m[36mVideo Load (13.6ms)[0m  [1m[34mSELECT `videos`.* FROM `videos` ORDER BY `videos`.`created_at` ASC[0m
  [1m[36mVote Load (77.1ms)[0m  [1m[34mSELECT `votes`.* FROM `votes` WHERE `votes`.`video_id` = 2 AND `votes`.`user_id` = 7 AND `votes`.`like` = 1[0m
  [1m[36mVote Load (6.2ms)[0m  [1m[34mSELECT `votes`.* FROM `votes` WHERE `votes`.`video_id` = 2 AND `votes`.`user_id` = 7 AND `votes`.`like` = 0[0m
  [1m[36mUser Load (14.9ms)[0m  [1m[34mSELECT  `users`.* FROM `users` WHERE `users`.`id` = 5 LIMIT 1[0m
  [1m[35m (3.6ms)[0m  [1m[34mSELECT COUNT(*) FROM `votes` WHERE `votes`.`video_id` = 2 AND `votes`.`like` = 1[0m
  [1m[35m (6.7ms)[0m  [1m[34mSELECT COUNT(*) FROM `votes` WHERE `votes`.`video_id` = 2 AND `votes`.`like` = 0[0m
  Rendered videos/_show.html.erb (129.0ms)
  [1m[36mVote Load (5.1ms)[0m  [1m[34mSELECT `votes`.* FROM `votes` WHERE `votes`.`video_id` = 3 AND `votes`.`user_id` = 7 AND `votes`.`like` = 1[0m
  [1m[36mVote Load (8.2ms)[0m  [1m[34mSELECT `votes`.* FROM `votes` WHERE `votes`.`video_id` = 3 AND `votes`.`user_id` = 7 AND `votes`.`like` = 0[0m
  [1m[36mCACHE User Load (0.0ms)[0m  [1m[34mSELECT  `users`.* FROM `users` WHERE `users`.`id` = 5 LIMIT 1[0m  [["id", 5], ["LIMIT", 1]]
  [1m[35m (5.4ms)[0m  [1m[34mSELECT COUNT(*) FROM `votes` WHERE `votes`.`video_id` = 3 AND `votes`.`like` = 1[0m
  [1m[35m (5.3ms)[0m  [1m[34mSELECT COUNT(*) FROM `votes` WHERE `votes`.`video_id` = 3 AND `votes`.`like` = 0[0m
  Rendered videos/_show.html.erb (42.9ms)
  [1m[36mVote Load (2.4ms)[0m  [1m[34mSELECT `votes`.* FROM `votes` WHERE `votes`.`video_id` = 4 AND `votes`.`user_id` = 7 AND `votes`.`like` = 1[0m
  [1m[36mVote Load (1.5ms)[0m  [1m[34mSELECT `votes`.* FROM `votes` WHERE `votes`.`video_id` = 4 AND `votes`.`user_id` = 7 AND `votes`.`like` = 0[0m
  [1m[36mUser Load (11.1ms)[0m  [1m[34mSELECT  `users`.* FROM `users` WHERE `users`.`id` = 6 LIMIT 1[0m
  [1m[35m (24.5ms)[0m  [1m[34mSELECT COUNT(*) FROM `votes` WHERE `votes`.`video_id` = 4 AND `votes`.`like` = 1[0m
  [1m[35m (2.9ms)[0m  [1m[34mSELECT COUNT(*) FROM `votes` WHERE `votes`.`video_id` = 4 AND `votes`.`like` = 0[0m
  Rendered videos/_show.html.erb (57.1ms)
  [1m[36mVote Load (7.8ms)[0m  [1m[34mSELECT `votes`.* FROM `votes` WHERE `votes`.`video_id` = 5 AND `votes`.`user_id` = 7 AND `votes`.`like` = 1[0m
  [1m[36mCACHE User Load (0.0ms)[0m  [1m[34mSELECT  `users`.* FROM `users` WHERE `users`.`id` = 7 LIMIT 1[0m  [["id", 7], ["LIMIT", 1]]
  [1m[35m (3.1ms)[0m  [1m[34mSELECT COUNT(*) FROM `votes` WHERE `votes`.`video_id` = 5 AND `votes`.`like` = 1[0m
  [1m[35m (1.5ms)[0m  [1m[34mSELECT COUNT(*) FROM `votes` WHERE `votes`.`video_id` = 5 AND `votes`.`like` = 0[0m
  Rendered videos/_show.html.erb (19.2ms)
  Rendered videos/index.html.erb within layouts/application (294.4ms)
  Rendered videos/_form.html.erb (0.4ms)
Completed 200 OK in 368ms (Views: 139.4ms | ActiveRecord: 218.7ms)


Started PUT "/videos/3/like" for ::1 at 2020-04-24 20:32:19 +0700
Processing by VideosController#like as */*
  Parameters: {"id"=>"3"}
  [1m[36mToken Load (3.0ms)[0m  [1m[34mSELECT  `tokens`.* FROM `tokens` WHERE `tokens`.`token` = 'eyJhbGciOiJIUzI1NiJ9.eyJ1c2VyX2lkIjo3LCJleHAiOjE1ODc4MjEwMTJ9.y_Pe2_d1kwww_py-0wdeXJICgKPuwB8hNclLzDrvNXo' LIMIT 1[0m
  [1m[36mUser Load (1.5ms)[0m  [1m[34mSELECT  `users`.* FROM `users` WHERE `users`.`id` = 7 LIMIT 1[0m
  [1m[36mVideo Load (1.4ms)[0m  [1m[34mSELECT  `videos`.* FROM `videos` WHERE `videos`.`id` = 3 LIMIT 1[0m
  [1m[35mSQL (1.5ms)[0m  [1m[31mDELETE FROM `votes` WHERE `votes`.`user_id` = 7 AND `votes`.`video_id` = 3[0m
  [1m[35m (1.0ms)[0m  [1m[35mBEGIN[0m
  [1m[36mVote Exists (1.4ms)[0m  [1m[34mSELECT  1 AS one FROM `votes` WHERE `votes`.`user_id` = 7 AND `votes`.`video_id` = 3 LIMIT 1[0m
  [1m[35mSQL (13.2ms)[0m  [1m[32mINSERT INTO `votes` (`user_id`, `video_id`, `created_at`, `updated_at`) VALUES (7, 3, '2020-04-24 13:32:19', '2020-04-24 13:32:19')[0m
  [1m[35m (10.3ms)[0m  [1m[35mCOMMIT[0m
Completed 200 OK in 42ms (Views: 0.7ms | ActiveRecord: 33.3ms)


Started GET "/videos" for ::1 at 2020-04-24 20:32:19 +0700
Processing by VideosController#index as HTML
  [1m[36mToken Load (2.4ms)[0m  [1m[34mSELECT  `tokens`.* FROM `tokens` WHERE `tokens`.`token` = 'eyJhbGciOiJIUzI1NiJ9.eyJ1c2VyX2lkIjo3LCJleHAiOjE1ODc4MjEwMTJ9.y_Pe2_d1kwww_py-0wdeXJICgKPuwB8hNclLzDrvNXo' LIMIT 1[0m
  [1m[36mUser Load (2.0ms)[0m  [1m[34mSELECT  `users`.* FROM `users` WHERE `users`.`id` = 7 LIMIT 1[0m
  Rendering videos/index.html.erb within layouts/application
  [1m[36mVideo Load (4.0ms)[0m  [1m[34mSELECT `videos`.* FROM `videos` ORDER BY `videos`.`created_at` ASC[0m
  [1m[36mVote Load (23.2ms)[0m  [1m[34mSELECT `votes`.* FROM `votes` WHERE `votes`.`video_id` = 2 AND `votes`.`user_id` = 7 AND `votes`.`like` = 1[0m
  [1m[36mVote Load (12.9ms)[0m  [1m[34mSELECT `votes`.* FROM `votes` WHERE `votes`.`video_id` = 2 AND `votes`.`user_id` = 7 AND `votes`.`like` = 0[0m
  [1m[36mUser Load (5.8ms)[0m  [1m[34mSELECT  `users`.* FROM `users` WHERE `users`.`id` = 5 LIMIT 1[0m
  [1m[35m (9.1ms)[0m  [1m[34mSELECT COUNT(*) FROM `votes` WHERE `votes`.`video_id` = 2 AND `votes`.`like` = 1[0m
  [1m[35m (8.4ms)[0m  [1m[34mSELECT COUNT(*) FROM `votes` WHERE `votes`.`video_id` = 2 AND `votes`.`like` = 0[0m
  Rendered videos/_show.html.erb (74.3ms)
  [1m[36mVote Load (12.0ms)[0m  [1m[34mSELECT `votes`.* FROM `votes` WHERE `votes`.`video_id` = 3 AND `votes`.`user_id` = 7 AND `votes`.`like` = 1[0m
  [1m[36mCACHE User Load (0.1ms)[0m  [1m[34mSELECT  `users`.* FROM `users` WHERE `users`.`id` = 5 LIMIT 1[0m  [["id", 5], ["LIMIT", 1]]
  [1m[35m (1.7ms)[0m  [1m[34mSELECT COUNT(*) FROM `votes` WHERE `votes`.`video_id` = 3 AND `votes`.`like` = 1[0m
  [1m[35m (2.9ms)[0m  [1m[34mSELECT COUNT(*) FROM `votes` WHERE `votes`.`video_id` = 3 AND `votes`.`like` = 0[0m
  Rendered videos/_show.html.erb (26.8ms)
  [1m[36mVote Load (8.5ms)[0m  [1m[34mSELECT `votes`.* FROM `votes` WHERE `votes`.`video_id` = 4 AND `votes`.`user_id` = 7 AND `votes`.`like` = 1[0m
  [1m[36mVote Load (4.0ms)[0m  [1m[34mSELECT `votes`.* FROM `votes` WHERE `votes`.`video_id` = 4 AND `votes`.`user_id` = 7 AND `votes`.`like` = 0[0m
  [1m[36mUser Load (11.7ms)[0m  [1m[34mSELECT  `users`.* FROM `users` WHERE `users`.`id` = 6 LIMIT 1[0m
  [1m[35m (15.3ms)[0m  [1m[34mSELECT COUNT(*) FROM `votes` WHERE `votes`.`video_id` = 4 AND `votes`.`like` = 1[0m
  [1m[35m (39.9ms)[0m  [1m[34mSELECT COUNT(*) FROM `votes` WHERE `votes`.`video_id` = 4 AND `votes`.`like` = 0[0m
  Rendered videos/_show.html.erb (88.7ms)
  [1m[36mVote Load (3.5ms)[0m  [1m[34mSELECT `votes`.* FROM `votes` WHERE `votes`.`video_id` = 5 AND `votes`.`user_id` = 7 AND `votes`.`like` = 1[0m
  [1m[36mCACHE User Load (0.0ms)[0m  [1m[34mSELECT  `users`.* FROM `users` WHERE `users`.`id` = 7 LIMIT 1[0m  [["id", 7], ["LIMIT", 1]]
  [1m[35m (6.3ms)[0m  [1m[34mSELECT COUNT(*) FROM `votes` WHERE `votes`.`video_id` = 5 AND `votes`.`like` = 1[0m
  [1m[35m (8.4ms)[0m  [1m[34mSELECT COUNT(*) FROM `votes` WHERE `votes`.`video_id` = 5 AND `votes`.`like` = 0[0m
  Rendered videos/_show.html.erb (27.4ms)
  Rendered videos/index.html.erb within layouts/application (257.0ms)
  Rendered videos/_form.html.erb (0.7ms)
Completed 200 OK in 315ms (Views: 113.5ms | ActiveRecord: 182.4ms)


Started GET "/" for 127.0.0.1 at 2020-04-24 23:25:44 +0700
  [1m[35m (4.4ms)[0m  [1m[34mSELECT "schema_migrations"."version" FROM "schema_migrations" ORDER BY "schema_migrations"."version" ASC[0m
Processing by VideosController#index as HTML
  [1m[36mToken Load (4.0ms)[0m  [1m[34mSELECT  "tokens".* FROM "tokens" WHERE "tokens"."token" = $1 LIMIT $2[0m  [["token", "eyJhbGciOiJIUzI1NiJ9.eyJ1c2VyX2lkIjoxLCJleHAiOjE1ODc4MjQ0ODB9.orUUvh0ULNOYmO6mAbpucCr6XOfIeWyEjJCNwqvMDnQ"], ["LIMIT", 1]]
  [1m[36mUser Load (1.7ms)[0m  [1m[34mSELECT  "users".* FROM "users" WHERE "users"."id" = $1 LIMIT $2[0m  [["id", 1], ["LIMIT", 1]]
  Rendering videos/index.html.erb within layouts/application
  [1m[36mVideo Load (6.8ms)[0m  [1m[34mSELECT "videos".* FROM "videos" ORDER BY "videos"."created_at" ASC[0m
  Rendered videos/_show.html.erb (1.6ms)
  Rendered videos/index.html.erb within layouts/application (60.2ms)
Completed 500 Internal Server Error in 211ms (ActiveRecord: 51.4ms)


  
SyntaxError (/Users/SuperLap/Downloads/share-video/app/views/videos/_show.html.erb:31: unknown regexp options - dv
/Users/SuperLap/Downloads/share-video/app/views/videos/_show.html.erb:32: syntax error, unexpected '<'
</div>
^
/Users/SuperLap/Downloads/share-video/app/views/videos/_show.html.erb:37: unterminated regexp meets end of file
          end
             ^
/Users/SuperLap/Downloads/share-video/app/views/videos/_show.html.erb:37: syntax error, unexpected end-of-input, expecting ')'
          end
             ^):
  
app/views/videos/_show.html.erb:31: unknown regexp options - dv
app/views/videos/_show.html.erb:32: syntax error, unexpected '<'
app/views/videos/_show.html.erb:37: unterminated regexp meets end of file
app/views/videos/_show.html.erb:37: syntax error, unexpected end-of-input, expecting ')'
app/views/videos/index.html.erb:5:in `block in _app_views_videos_index_html_erb___1193646357456844967_70279812435340'
app/views/videos/index.html.erb:4:in `_app_views_videos_index_html_erb___1193646357456844967_70279812435340'
Started GET "/" for 127.0.0.1 at 2020-04-24 23:26:18 +0700
Processing by VideosController#index as HTML
  [1m[36mToken Load (14.3ms)[0m  [1m[34mSELECT  "tokens".* FROM "tokens" WHERE "tokens"."token" = $1 LIMIT $2[0m  [["token", "eyJhbGciOiJIUzI1NiJ9.eyJ1c2VyX2lkIjoxLCJleHAiOjE1ODc4MjQ0ODB9.orUUvh0ULNOYmO6mAbpucCr6XOfIeWyEjJCNwqvMDnQ"], ["LIMIT", 1]]
  [1m[36mUser Load (13.0ms)[0m  [1m[34mSELECT  "users".* FROM "users" WHERE "users"."id" = $1 LIMIT $2[0m  [["id", 1], ["LIMIT", 1]]
  Rendering videos/index.html.erb within layouts/application
  [1m[36mVideo Load (36.9ms)[0m  [1m[34mSELECT "videos".* FROM "videos" ORDER BY "videos"."created_at" ASC[0m
  [1m[36mVote Load (2.4ms)[0m  [1m[34mSELECT "votes".* FROM "votes" WHERE "votes"."video_id" = $1 AND "votes"."user_id" = $2 AND "votes"."like" = $3[0m  [["video_id", 1], ["user_id", 1], ["like", "t"]]
  [1m[36mCACHE User Load (0.0ms)[0m  [1m[34mSELECT  "users".* FROM "users" WHERE "users"."id" = $1 LIMIT $2[0m  [["id", 1], ["LIMIT", 1]]
  [1m[35m (18.2ms)[0m  [1m[34mSELECT COUNT(*) FROM "votes" WHERE "votes"."video_id" = $1 AND "votes"."like" = $2[0m  [["video_id", 1], ["like", "t"]]
  [1m[35m (8.4ms)[0m  [1m[34mSELECT COUNT(*) FROM "votes" WHERE "votes"."video_id" = $1 AND "votes"."like" = $2[0m  [["video_id", 1], ["like", "f"]]
  Rendered videos/_show.html.erb (312.9ms)
  [1m[36mVote Load (15.1ms)[0m  [1m[34mSELECT "votes".* FROM "votes" WHERE "votes"."video_id" = $1 AND "votes"."user_id" = $2 AND "votes"."like" = $3[0m  [["video_id", 2], ["user_id", 1], ["like", "t"]]
  [1m[36mVote Load (3.0ms)[0m  [1m[34mSELECT "votes".* FROM "votes" WHERE "votes"."video_id" = $1 AND "votes"."user_id" = $2 AND "votes"."like" = $3[0m  [["video_id", 2], ["user_id", 1], ["like", "f"]]
  [1m[36mCACHE User Load (0.1ms)[0m  [1m[34mSELECT  "users".* FROM "users" WHERE "users"."id" = $1 LIMIT $2[0m  [["id", 1], ["LIMIT", 1]]
  [1m[35m (14.7ms)[0m  [1m[34mSELECT COUNT(*) FROM "votes" WHERE "votes"."video_id" = $1 AND "votes"."like" = $2[0m  [["video_id", 2], ["like", "t"]]
  [1m[35m (25.6ms)[0m  [1m[34mSELECT COUNT(*) FROM "votes" WHERE "votes"."video_id" = $1 AND "votes"."like" = $2[0m  [["video_id", 2], ["like", "f"]]
  Rendered videos/_show.html.erb (76.4ms)
  [1m[36mVote Load (8.4ms)[0m  [1m[34mSELECT "votes".* FROM "votes" WHERE "votes"."video_id" = $1 AND "votes"."user_id" = $2 AND "votes"."like" = $3[0m  [["video_id", 3], ["user_id", 1], ["like", "t"]]
  [1m[36mCACHE User Load (0.0ms)[0m  [1m[34mSELECT  "users".* FROM "users" WHERE "users"."id" = $1 LIMIT $2[0m  [["id", 1], ["LIMIT", 1]]
  [1m[35m (2.3ms)[0m  [1m[34mSELECT COUNT(*) FROM "votes" WHERE "votes"."video_id" = $1 AND "votes"."like" = $2[0m  [["video_id", 3], ["like", "t"]]
  [1m[35m (3.0ms)[0m  [1m[34mSELECT COUNT(*) FROM "votes" WHERE "votes"."video_id" = $1 AND "votes"."like" = $2[0m  [["video_id", 3], ["like", "f"]]
  Rendered videos/_show.html.erb (22.6ms)
  [1m[36mVote Load (3.4ms)[0m  [1m[34mSELECT "votes".* FROM "votes" WHERE "votes"."video_id" = $1 AND "votes"."user_id" = $2 AND "votes"."like" = $3[0m  [["video_id", 4], ["user_id", 1], ["like", "t"]]
  [1m[36mCACHE User Load (0.0ms)[0m  [1m[34mSELECT  "users".* FROM "users" WHERE "users"."id" = $1 LIMIT $2[0m  [["id", 1], ["LIMIT", 1]]
  [1m[35m (11.4ms)[0m  [1m[34mSELECT COUNT(*) FROM "votes" WHERE "votes"."video_id" = $1 AND "votes"."like" = $2[0m  [["video_id", 4], ["like", "t"]]
  [1m[35m (2.3ms)[0m  [1m[34mSELECT COUNT(*) FROM "votes" WHERE "votes"."video_id" = $1 AND "votes"."like" = $2[0m  [["video_id", 4], ["like", "f"]]
  Rendered videos/_show.html.erb (81.8ms)
  [1m[36mVote Load (4.9ms)[0m  [1m[34mSELECT "votes".* FROM "votes" WHERE "votes"."video_id" = $1 AND "votes"."user_id" = $2 AND "votes"."like" = $3[0m  [["video_id", 5], ["user_id", 1], ["like", "t"]]
  [1m[36mCACHE User Load (0.0ms)[0m  [1m[34mSELECT  "users".* FROM "users" WHERE "users"."id" = $1 LIMIT $2[0m  [["id", 1], ["LIMIT", 1]]
  [1m[35m (1.9ms)[0m  [1m[34mSELECT COUNT(*) FROM "votes" WHERE "votes"."video_id" = $1 AND "votes"."like" = $2[0m  [["video_id", 5], ["like", "t"]]
  [1m[35m (8.7ms)[0m  [1m[34mSELECT COUNT(*) FROM "votes" WHERE "votes"."video_id" = $1 AND "votes"."like" = $2[0m  [["video_id", 5], ["like", "f"]]
  Rendered videos/_show.html.erb (32.8ms)
  Rendered videos/index.html.erb within layouts/application (635.5ms)
  Rendered videos/_form.html.erb (1.1ms)
Completed 200 OK in 1049ms (Views: 530.5ms | ActiveRecord: 271.5ms)


Started GET "/aaa?rel=0" for 127.0.0.1 at 2020-04-24 23:26:19 +0700
Processing by ApplicationController#not_found as HTML
  Parameters: {"rel"=>"0", "a"=>"aaa"}
Completed 200 OK in 1ms (Views: 0.3ms | ActiveRecord: 0.0ms)


